<?xml version="1.0"?>
<!DOCTYPE coverage SYSTEM "http://cobertura.sourceforge.net/xml/coverage-04.dtd">

<coverage line-rate="0.7647058823529411" branch-rate="1.0" lines-covered="13" lines-valid="17" branches-covered="2" branches-valid="2" complexity="1.2222222222222223" version="2.1.1" timestamp="1566096638604">
	<sources>
		<source>D:/Projects/Learning/Testing/Junit5/src/main/java</source>
		<source>D:/Projects/Learning/Testing/Junit5/target/generated-sources/annotations</source>
		<source>--source</source>
	</sources>
	<packages>
		<package name="by.pva.testing.classesForTesting" line-rate="0.7647058823529411" branch-rate="1.0" complexity="1.2222222222222223">
			<classes>
				<class name="by.pva.testing.classesForTesting.Calculator" filename="by/pva/testing/classesForTesting/Calculator.java" line-rate="1.0" branch-rate="1.0" complexity="1.5">
					<methods>
						<method name="&lt;init&gt;" signature="()V" line-rate="1.0" branch-rate="1.0" complexity="0">
							<lines>
								<line number="5" hits="19" branch="false"/>
							</lines>
						</method>
						<method name="add" signature="(II)I" line-rate="1.0" branch-rate="1.0" complexity="0">
							<lines>
								<line number="8" hits="5" branch="false"/>
							</lines>
						</method>
						<method name="divide" signature="(II)D" line-rate="1.0" branch-rate="1.0" complexity="0">
							<lines>
								<line number="20" hits="2" branch="true" condition-coverage="100% (2/2)">
									<conditions>
										<condition number="0" type="jump" coverage="100%"/>
									</conditions>
								</line>
								<line number="21" hits="1" branch="false"/>
								<line number="23" hits="1" branch="false"/>
							</lines>
						</method>
						<method name="multiply" signature="(II)I" line-rate="1.0" branch-rate="1.0" complexity="0">
							<lines>
								<line number="16" hits="3" branch="false"/>
							</lines>
						</method>
						<method name="subtract" signature="(II)Ljava/lang/Object;" line-rate="1.0" branch-rate="1.0" complexity="0">
							<lines>
								<line number="12" hits="1" branch="false"/>
							</lines>
						</method>
					</methods>
					<lines>
						<line number="5" hits="19" branch="false"/>
						<line number="8" hits="5" branch="false"/>
						<line number="12" hits="1" branch="false"/>
						<line number="16" hits="3" branch="false"/>
						<line number="20" hits="2" branch="true" condition-coverage="100% (2/2)">
							<conditions>
								<condition number="0" type="jump" coverage="100%"/>
							</conditions>
						</line>
						<line number="21" hits="1" branch="false"/>
						<line number="23" hits="1" branch="false"/>
					</lines>
				</class>
				<class name="by.pva.testing.classesForTesting.Person" filename="by/pva/testing/classesForTesting/Person.java" line-rate="0.6" branch-rate="1.0" complexity="1.0">
					<methods>
						<method name="&lt;init&gt;" signature="(Ljava/lang/String;Ljava/lang/String;)V" line-rate="1.0" branch-rate="1.0" complexity="0">
							<lines>
								<line number="8" hits="9" branch="false"/>
								<line number="9" hits="9" branch="false"/>
								<line number="10" hits="9" branch="false"/>
								<line number="11" hits="9" branch="false"/>
							</lines>
						</method>
						<method name="getFirstName" signature="()Ljava/lang/String;" line-rate="1.0" branch-rate="1.0" complexity="0">
							<lines>
								<line number="13" hits="2" branch="false"/>
							</lines>
						</method>
						<method name="getLastName" signature="()Ljava/lang/String;" line-rate="1.0" branch-rate="1.0" complexity="0">
							<lines>
								<line number="19" hits="2" branch="false"/>
							</lines>
						</method>
						<method name="setFirstName" signature="(Ljava/lang/String;)V" line-rate="0.0" branch-rate="1.0" complexity="0">
							<lines>
								<line number="16" hits="0" branch="false"/>
								<line number="17" hits="0" branch="false"/>
							</lines>
						</method>
						<method name="setLastName" signature="(Ljava/lang/String;)V" line-rate="0.0" branch-rate="1.0" complexity="0">
							<lines>
								<line number="22" hits="0" branch="false"/>
								<line number="23" hits="0" branch="false"/>
							</lines>
						</method>
					</methods>
					<lines>
						<line number="8" hits="9" branch="false"/>
						<line number="9" hits="9" branch="false"/>
						<line number="10" hits="9" branch="false"/>
						<line number="11" hits="9" branch="false"/>
						<line number="13" hits="2" branch="false"/>
						<line number="16" hits="0" branch="false"/>
						<line number="17" hits="0" branch="false"/>
						<line number="19" hits="2" branch="false"/>
						<line number="22" hits="0" branch="false"/>
						<line number="23" hits="0" branch="false"/>
					</lines>
				</class>
			</classes>
		</package>
	</packages>
</coverage>
